16:11:30,2 rospy.internal INFO topic[/robot/xdisplay] adding connection to [/xdisplay], count 0
16:11:30,63 rospy.internal INFO topic[/rosout] adding connection to [/rosout], count 0
16:11:32,402 root INFO First action started
16:11:34,23 root INFO Action 1 took: 2 seconds
16:11:35,390 root INFO Action 2 took: 1 seconds
16:11:36,402 root INFO Action 3 took: 1 seconds
16:11:38,19 root INFO Action 4 took: 2 seconds
16:11:39,32 root INFO Action 5 took: 1 seconds
16:11:40,58 root INFO Action 6 took: 1 seconds
16:11:41,74 root INFO Action 7 took: 1 seconds
16:11:43,328 root INFO Action 8 took: 2 seconds
16:11:44,337 root INFO Action 9 took: 1 seconds
16:11:45,458 root INFO Action 10 took: 1 seconds
16:11:47,221 root INFO Action 11 took: 2 seconds
16:11:47,246 root INFO Last action completed
16:11:48,254 rospy.core INFO signal_shutdown [atexit]
16:11:48,261 rospy.internal INFO topic[/rosout] removing connection to /rosout
16:11:48,262 rospy.internal INFO topic[/robot/xdisplay] removing connection to /xdisplay
16:11:48,262 rospy.impl.masterslave INFO atexit
16:12:40,884 rospy.internal INFO topic[/robot/xdisplay] adding connection to [/xdisplay], count 0
16:12:41,66 rospy.internal INFO topic[/rosout] adding connection to [/rosout], count 0
16:12:49,222 rospy.core INFO signal_shutdown [signal-2]
16:12:49,230 rospy.internal INFO topic[/rosout] removing connection to /rosout
16:12:49,230 rospy.internal INFO topic[/robot/xdisplay] removing connection to /xdisplay
16:12:49,231 rospy.impl.masterslave INFO signal-2
16:12:56,473 rospy.core INFO signal_shutdown [signal-2]
16:12:56,674 rospy.core INFO signal_shutdown [signal-2]
16:13:08,357 rospy.internal INFO topic[/robot/xdisplay] adding connection to [/xdisplay], count 0
16:13:08,416 rospy.internal INFO topic[/rosout] adding connection to [/rosout], count 0
16:13:10,499 root INFO First action started
16:13:11,868 root INFO Action 1 took: 1 seconds
16:13:13,487 root INFO Action 2 took: 2 seconds
16:13:15,3 root INFO Action 3 took: 2 seconds
16:13:16,369 root INFO Action 4 took: 1 seconds
16:13:17,887 root INFO Action 5 took: 1 seconds
16:13:19,415 root INFO Action 6 took: 2 seconds
16:13:20,933 root INFO Action 7 took: 1 seconds
16:13:22,437 root INFO Action 8 took: 2 seconds
16:13:24,205 root INFO Action 9 took: 2 seconds
16:13:25,827 root INFO Action 10 took: 1 seconds
16:13:27,342 root INFO Action 11 took: 2 seconds
16:13:27,361 root INFO Last action completed
16:13:27,867 rospy.core INFO signal_shutdown [atexit]
16:13:27,872 rospy.internal INFO topic[/rosout] removing connection to /rosout
16:13:27,872 rospy.internal INFO topic[/robot/xdisplay] removing connection to /xdisplay
16:13:27,872 rospy.impl.masterslave INFO atexit
16:14:44,999 rospy.internal INFO topic[/robot/xdisplay] adding connection to [/xdisplay], count 0
16:14:45,53 rospy.internal INFO topic[/rosout] adding connection to [/rosout], count 0
16:14:48,397 root INFO First action started
16:14:50,15 root INFO Action 1 took: 2 seconds
16:14:51,381 root INFO Action 2 took: 1 seconds
16:14:52,645 root INFO Action 3 took: 1 seconds
16:14:54,10 root INFO Action 4 took: 2 seconds
16:14:55,277 root INFO Action 5 took: 1 seconds
16:14:56,554 root INFO Action 6 took: 1 seconds
16:14:57,821 root INFO Action 7 took: 1 seconds
16:14:58,823 root INFO Action 8 took: 1 seconds
16:14:59,841 root INFO Action 9 took: 1 seconds
16:15:00,962 root INFO Action 10 took: 1 seconds
16:15:02,223 root INFO Action 11 took: 2 seconds
16:15:02,244 root INFO Last action completed
16:15:02,751 rospy.core INFO signal_shutdown [atexit]
16:15:02,757 rospy.internal INFO topic[/rosout] removing connection to /rosout
16:15:02,758 rospy.internal INFO topic[/robot/xdisplay] removing connection to /xdisplay
16:15:02,758 rospy.impl.masterslave INFO atexit
16:15:49,347 rospy.internal INFO topic[/rosout] adding connection to [/rosout], count 0
16:15:49,353 rospy.internal INFO topic[/robot/xdisplay] adding connection to [/rostopic_23411_1625235346736], count 0
16:15:49,379 rospy.internal INFO topic[/robot/xdisplay] adding connection to [/xdisplay], count 1
16:15:52,41 root INFO First action started
16:15:53,662 root INFO Action 1 took: 1 seconds
16:15:55,529 root INFO Action 2 took: 2 seconds
16:15:58,44 root INFO Action 3 took: 3 seconds
16:15:59,652 root INFO Action 4 took: 1 seconds
16:16:01,173 root INFO Action 5 took: 2 seconds
16:16:02,704 root INFO Action 6 took: 1 seconds
16:16:04,221 root INFO Action 7 took: 2 seconds
16:16:05,974 root INFO Action 8 took: 1 seconds
16:16:07,495 root INFO Action 9 took: 2 seconds
16:16:09,118 root INFO Action 10 took: 2 seconds
16:16:10,625 root INFO Action 11 took: 1 seconds
16:16:10,651 root INFO Last action completed
16:16:11,154 rospy.core INFO signal_shutdown [atexit]
16:16:11,160 rospy.internal INFO topic[/rosout] removing connection to /rosout
16:16:11,160 rospy.internal INFO topic[/robot/xdisplay] removing connection to /rostopic_23411_1625235346736
16:16:11,160 rospy.internal INFO topic[/robot/xdisplay] removing connection to /xdisplay
16:16:11,160 rospy.impl.masterslave INFO atexit
16:16:39,924 rospy.internal INFO topic[/robot/xdisplay] adding connection to [/rostopic_23411_1625235346736], count 0
16:16:39,925 rospy.internal INFO topic[/robot/xdisplay] adding connection to [/xdisplay], count 1
16:16:40,20 rospy.internal INFO topic[/rosout] adding connection to [/rosout], count 0
16:16:44,390 root INFO First action started
16:16:46,8 root INFO Action 1 took: 2 seconds
16:16:47,121 root INFO Action 2 took: 1 seconds
16:16:48,635 root INFO Action 3 took: 1 seconds
16:16:50,1 root INFO Action 4 took: 2 seconds
16:16:51,269 root INFO Action 5 took: 1 seconds
16:16:52,793 root INFO Action 6 took: 1 seconds
16:16:54,66 root INFO Action 7 took: 2 seconds
16:16:55,569 root INFO Action 8 took: 1 seconds
16:16:57,81 root INFO Action 9 took: 2 seconds
16:16:58,454 root INFO Action 10 took: 1 seconds
16:16:59,968 root INFO Action 11 took: 1 seconds
16:16:59,988 root INFO Last action completed
16:17:00,492 rospy.core INFO signal_shutdown [atexit]
16:17:00,496 rospy.internal INFO topic[/rosout] removing connection to /rosout
16:17:00,496 rospy.internal INFO topic[/robot/xdisplay] removing connection to /rostopic_23411_1625235346736
16:17:00,496 rospy.internal INFO topic[/robot/xdisplay] removing connection to /xdisplay
16:17:00,496 rospy.impl.masterslave INFO atexit
16:17:04,459 rospy.internal INFO topic[/robot/xdisplay] adding connection to [/rostopic_23411_1625235346736], count 0
16:17:04,462 rospy.internal INFO topic[/robot/xdisplay] adding connection to [/xdisplay], count 1
16:17:04,659 rospy.internal INFO topic[/rosout] adding connection to [/rosout], count 0
16:17:06,217 root INFO First action started
16:17:07,834 root INFO Action 1 took: 1 seconds
16:17:09,200 root INFO Action 2 took: 2 seconds
16:17:10,464 root INFO Action 3 took: 1 seconds
16:17:12,79 root INFO Action 4 took: 2 seconds
16:17:13,348 root INFO Action 5 took: 1 seconds
16:17:14,619 root INFO Action 6 took: 1 seconds
16:17:15,887 root INFO Action 7 took: 1 seconds
16:17:16,889 root INFO Action 8 took: 1 seconds
16:17:18,155 root INFO Action 9 took: 2 seconds
16:17:19,527 root INFO Action 10 took: 1 seconds
16:17:21,41 root INFO Action 11 took: 2 seconds
16:17:21,63 root INFO Last action completed
16:17:21,565 rospy.core INFO signal_shutdown [atexit]
16:17:21,570 rospy.internal INFO topic[/rosout] removing connection to /rosout
16:17:21,570 rospy.internal INFO topic[/robot/xdisplay] removing connection to /rostopic_23411_1625235346736
16:17:21,570 rospy.internal INFO topic[/robot/xdisplay] removing connection to /xdisplay
16:17:21,570 rospy.impl.masterslave INFO atexit
16:17:24,292 rospy.internal INFO topic[/robot/xdisplay] adding connection to [/rostopic_23411_1625235346736], count 0
16:17:24,334 rospy.internal INFO topic[/robot/xdisplay] adding connection to [/xdisplay], count 1
16:17:24,488 rospy.internal INFO topic[/rosout] adding connection to [/rosout], count 0
16:17:28,789 root INFO First action started
16:17:31,913 root INFO Action 1 took: 3 seconds
16:17:34,31 root INFO Action 2 took: 3 seconds
16:17:35,538 root INFO Action 3 took: 1 seconds
16:17:37,156 root INFO Action 4 took: 2 seconds
16:17:38,424 root INFO Action 5 took: 1 seconds
16:17:39,953 root INFO Action 6 took: 1 seconds
16:17:41,473 root INFO Action 7 took: 2 seconds
16:17:43,727 root INFO Action 8 took: 2 seconds
16:17:45,487 root INFO Action 9 took: 2 seconds
16:17:47,116 root INFO Action 10 took: 2 seconds
16:17:49,631 root INFO Action 11 took: 2 seconds
16:17:49,652 root INFO Last action completed
16:17:50,159 rospy.core INFO signal_shutdown [atexit]
16:17:50,164 rospy.internal INFO topic[/rosout] removing connection to /rosout
16:17:50,164 rospy.internal INFO topic[/robot/xdisplay] removing connection to /rostopic_23411_1625235346736
16:17:50,164 rospy.internal INFO topic[/robot/xdisplay] removing connection to /xdisplay
16:17:50,164 rospy.impl.masterslave INFO atexit
